pxe detect
configfile
default 0
timeout 1

title find /menu.lst, /boot/grub/menu.lst, /grub/menu.lst
	errorcheck off
	configfile /menu.lst
	configfile /boot/grub/menu.lst
	configfile /grub/menu.lst
	find --set-root --ignore-floppies --ignore-cd /menu.lst && configfile /menu.lst
	find --set-root --ignore-floppies --ignore-cd /boot/grub/menu.lst && configfile /boot/grub/menu.lst
	find --set-root --ignore-floppies --ignore-cd /grub/menu.lst && configfile /grub/menu.lst
	errorcheck on
	commandline

title commandline
	commandline

title reboot
	reboot

title halt
	halt

